2020-11-23 04:12:38,824 [      0]   INFO -        #com.intellij.idea.Main - ------------------------------------------------------ IDE STARTED ------------------------------------------------------ 
2020-11-23 04:12:38,906 [     82]   INFO -        #com.intellij.idea.Main - IDE: IntelliJ IDEA (build #IC-202.7660.26, 06 Oct 2020 14:02) 
2020-11-23 04:12:38,919 [     95]   INFO -        #com.intellij.idea.Main - OS: Mac OS X (10.16, x86_64) 
2020-11-23 04:12:38,919 [     95]   INFO -        #com.intellij.idea.Main - JRE: 11.0.8+10-b944.34 (JetBrains s.r.o.) 
2020-11-23 04:12:38,919 [     95]   INFO -        #com.intellij.idea.Main - JVM: 11.0.8+10-b944.34 (OpenJDK 64-Bit Server VM) 
2020-11-23 04:12:38,966 [    142]   INFO -        #com.intellij.idea.Main - JVM Args: -Dapple.awt.fileDialogForDirectories=true -Dapple.laf.useScreenMenuBar=true -Didea.auto.reload.plugins=true -Didea.classpath.index.enabled=false -Didea.config.path=/Users/protocolblack/IdeaProjects/DisjointSets/build/idea-sandbox/config -Didea.is.internal=true -Didea.platform.prefix=Idea -Didea.plugins.path=/Users/protocolblack/IdeaProjects/DisjointSets/build/idea-sandbox/plugins -Didea.required.plugins.id=org.example.DisjointSets -Didea.smooth.progress=false -Didea.system.path=/Users/protocolblack/IdeaProjects/DisjointSets/build/idea-sandbox/system -Xms256m -Xmx512m -Dfile.encoding=UTF-8 -Duser.country=IN -Duser.language=en -Duser.variant -ea 
2020-11-23 04:12:38,966 [    142]   INFO -        #com.intellij.idea.Main - library path: /Users/protocolblack/Library/Java/Extensions:/Library/Java/Extensions:/Network/Library/Java/Extensions:/System/Library/Java/Extensions:/usr/lib/java:. 
2020-11-23 04:12:38,967 [    143]   INFO -        #com.intellij.idea.Main - boot library path: /Users/protocolblack/.gradle/caches/modules-2/files-2.1/com.jetbrains/jbre/jbr-11_0_8-osx-x64-b944.34/jbr/Contents/Home/lib 
2020-11-23 04:12:38,973 [    149]   INFO -        #com.intellij.idea.Main - locale=en_IN JNU=UTF-8 file.encoding=UTF-8
  idea.config.path=/Users/protocolblack/IdeaProjects/DisjointSets/build/idea-sandbox/config
  idea.system.path=/Users/protocolblack/IdeaProjects/DisjointSets/build/idea-sandbox/system
  idea.plugins.path=/Users/protocolblack/IdeaProjects/DisjointSets/build/idea-sandbox/plugins
  idea.log.path=/Users/protocolblack/IdeaProjects/DisjointSets/build/idea-sandbox/system/log 
2020-11-23 04:12:39,495 [    671]   INFO - .intellij.util.EnvironmentUtil - loading shell env: /bin/zsh -l -i -c '/Users/protocolblack/.gradle/caches/modules-2/files-2.1/com.jetbrains.intellij.idea/ideaIC/2020.2.3/8da1f9add5eaff238a403058a25a22be5a339336/ideaIC-2020.2.3/bin/printenv.py' '/var/folders/93/4bjdf1y9533c0hyvmtrp89hw0000gn/T/intellij-shell-env.12378206152749443082.tmp' 
2020-11-23 04:12:40,001 [   1177]   INFO -        #com.intellij.idea.Main - JNA library (64-bit) loaded in 1026 ms 
2020-11-23 04:12:40,440 [   1616]   INFO - ntellij.idea.ApplicationLoader - CPU cores: 4; ForkJoinPool.commonPool: java.util.concurrent.ForkJoinPool@5689a6a6[Running, parallelism = 3, size = 0, active = 0, running = 0, steals = 0, tasks = 0, submissions = 0]; factory: com.intellij.concurrency.IdeaForkJoinWorkerThreadFactory@394c0bba 
2020-11-23 04:12:41,703 [   2879]   WARN - i.mac.MacOSApplicationProvider - No URL bundle (CFBundleURLTypes) is defined in the main bundle.
To be able to open external links, specify protocols in the app layout section of the build file.
Example: args.urlSchemes = ["your-protocol"] will handle following links: your-protocol://open?file=file&line=line 
2020-11-23 04:12:43,914 [   5090]   INFO - llij.ide.plugins.PluginManager - Plugin PluginDescriptor(name=Java, id=com.intellij.java, path=/Users/protocolblack/.gradle/caches/modules-2/files-2.1/com.jetbrains.intellij.idea/ideaIC/2020.2.3/8da1f9add5eaff238a403058a25a22be5a339336/ideaIC-2020.2.3/plugins/java, version=202.7660.26) misses optional descriptor profiler-java.xml 
java.nio.file.NoSuchFileException: /META-INF/profiler-java.xml
	at jdk.zipfs/jdk.nio.zipfs.ZipFileSystem.newInputStream(ZipFileSystem.java:591)
	at jdk.zipfs/jdk.nio.zipfs.ZipPath.newInputStream(ZipPath.java:721)
	at jdk.zipfs/jdk.nio.zipfs.ZipFileSystemProvider.newInputStream(ZipFileSystemProvider.java:275)
	at java.base/java.nio.file.Files.newInputStream(Files.java:155)
	at com.intellij.openapi.util.JDOMUtil.load(JDOMUtil.java:351)
	at com.intellij.ide.plugins.BasePathResolver.resolvePath(BasePathResolver.java:54)
	at com.intellij.ide.plugins.PluginXmlPathResolver.resolvePath(PluginXmlPathResolver.java:58)
	at com.intellij.ide.plugins.XmlReader.readDependencies(XmlReader.java:215)
	at com.intellij.ide.plugins.IdeaPluginDescriptorImpl.readExternal(IdeaPluginDescriptorImpl.java:190)
	at com.intellij.ide.plugins.PluginDescriptorLoader.loadDescriptorFromJar(PluginDescriptorLoader.java:94)
	at com.intellij.ide.plugins.PluginDescriptorLoader.loadDescriptorFromDirAndNormalize(PluginDescriptorLoader.java:145)
	at com.intellij.ide.plugins.PluginDescriptorLoader.loadDescriptorFromFileOrDir(PluginDescriptorLoader.java:120)
	at com.intellij.ide.plugins.PluginDescriptorLoader.loadDescriptor(PluginDescriptorLoader.java:44)
	at com.intellij.ide.plugins.PluginDescriptorLoader.lambda$loadDescriptorsFromDir$1(PluginDescriptorLoader.java:246)
	at java.base/java.util.concurrent.FutureTask.run(FutureTask.java:264)
	at com.intellij.util.concurrency.BoundedTaskExecutor.doRun(BoundedTaskExecutor.java:215)
	at com.intellij.util.concurrency.BoundedTaskExecutor.access$200(BoundedTaskExecutor.java:26)
	at com.intellij.util.concurrency.BoundedTaskExecutor$1.execute(BoundedTaskExecutor.java:194)
	at com.intellij.util.concurrency.BoundedTaskExecutor$1.run(BoundedTaskExecutor.java:186)
	at java.base/java.util.concurrent.ThreadPoolExecutor.runWorker(ThreadPoolExecutor.java:1128)
	at java.base/java.util.concurrent.ThreadPoolExecutor$Worker.run(ThreadPoolExecutor.java:628)
	at java.base/java.util.concurrent.Executors$PrivilegedThreadFactory$1$1.run(Executors.java:668)
	at java.base/java.util.concurrent.Executors$PrivilegedThreadFactory$1$1.run(Executors.java:665)
	at java.base/java.security.AccessController.doPrivileged(Native Method)
	at java.base/java.util.concurrent.Executors$PrivilegedThreadFactory$1.run(Executors.java:665)
	at java.base/java.lang.Thread.run(Thread.java:834)
2020-11-23 04:12:44,062 [   5238]   INFO - llij.ide.plugins.PluginManager - Plugin PluginDescriptor(name=Groovy, id=org.intellij.groovy, path=/Users/protocolblack/.gradle/caches/modules-2/files-2.1/com.jetbrains.intellij.idea/ideaIC/2020.2.3/8da1f9add5eaff238a403058a25a22be5a339336/ideaIC-2020.2.3/plugins/Groovy, version=202.7660.26) misses optional descriptor duplicates-groovy.xml 
java.nio.file.NoSuchFileException: /META-INF/duplicates-groovy.xml
	at jdk.zipfs/jdk.nio.zipfs.ZipFileSystem.newInputStream(ZipFileSystem.java:591)
	at jdk.zipfs/jdk.nio.zipfs.ZipPath.newInputStream(ZipPath.java:721)
	at jdk.zipfs/jdk.nio.zipfs.ZipFileSystemProvider.newInputStream(ZipFileSystemProvider.java:275)
	at java.base/java.nio.file.Files.newInputStream(Files.java:155)
	at com.intellij.openapi.util.JDOMUtil.load(JDOMUtil.java:351)
	at com.intellij.ide.plugins.BasePathResolver.resolvePath(BasePathResolver.java:54)
	at com.intellij.ide.plugins.PluginXmlPathResolver.resolvePath(PluginXmlPathResolver.java:58)
	at com.intellij.ide.plugins.XmlReader.readDependencies(XmlReader.java:215)
	at com.intellij.ide.plugins.IdeaPluginDescriptorImpl.readExternal(IdeaPluginDescriptorImpl.java:190)
	at com.intellij.ide.plugins.PluginDescriptorLoader.loadDescriptorFromJar(PluginDescriptorLoader.java:94)
	at com.intellij.ide.plugins.PluginDescriptorLoader.loadDescriptorFromDirAndNormalize(PluginDescriptorLoader.java:145)
	at com.intellij.ide.plugins.PluginDescriptorLoader.loadDescriptorFromFileOrDir(PluginDescriptorLoader.java:120)
	at com.intellij.ide.plugins.PluginDescriptorLoader.loadDescriptor(PluginDescriptorLoader.java:44)
	at com.intellij.ide.plugins.PluginDescriptorLoader.lambda$loadDescriptorsFromDir$1(PluginDescriptorLoader.java:246)
	at java.base/java.util.concurrent.FutureTask.run(FutureTask.java:264)
	at com.intellij.util.concurrency.BoundedTaskExecutor.doRun(BoundedTaskExecutor.java:215)
	at com.intellij.util.concurrency.BoundedTaskExecutor.access$200(BoundedTaskExecutor.java:26)
	at com.intellij.util.concurrency.BoundedTaskExecutor$1.execute(BoundedTaskExecutor.java:194)
	at com.intellij.util.concurrency.BoundedTaskExecutor$1.run(BoundedTaskExecutor.java:186)
	at java.base/java.util.concurrent.ThreadPoolExecutor.runWorker(ThreadPoolExecutor.java:1128)
	at java.base/java.util.concurrent.ThreadPoolExecutor$Worker.run(ThreadPoolExecutor.java:628)
	at java.base/java.util.concurrent.Executors$PrivilegedThreadFactory$1$1.run(Executors.java:668)
	at java.base/java.util.concurrent.Executors$PrivilegedThreadFactory$1$1.run(Executors.java:665)
	at java.base/java.security.AccessController.doPrivileged(Native Method)
	at java.base/java.util.concurrent.Executors$PrivilegedThreadFactory$1.run(Executors.java:665)
	at java.base/java.lang.Thread.run(Thread.java:834)
2020-11-23 04:12:44,107 [   5283]   INFO - llij.ide.plugins.PluginManager - Plugin PluginDescriptor(name=Groovy, id=org.intellij.groovy, path=/Users/protocolblack/.gradle/caches/modules-2/files-2.1/com.jetbrains.intellij.idea/ideaIC/2020.2.3/8da1f9add5eaff238a403058a25a22be5a339336/ideaIC-2020.2.3/plugins/Groovy, version=202.7660.26) misses optional descriptor duplicates-detection-groovy.xml 
java.nio.file.NoSuchFileException: /META-INF/duplicates-detection-groovy.xml
	at jdk.zipfs/jdk.nio.zipfs.ZipFileSystem.newInputStream(ZipFileSystem.java:591)
	at jdk.zipfs/jdk.nio.zipfs.ZipPath.newInputStream(ZipPath.java:721)
	at jdk.zipfs/jdk.nio.zipfs.ZipFileSystemProvider.newInputStream(ZipFileSystemProvider.java:275)
	at java.base/java.nio.file.Files.newInputStream(Files.java:155)
	at com.intellij.openapi.util.JDOMUtil.load(JDOMUtil.java:351)
	at com.intellij.ide.plugins.BasePathResolver.resolvePath(BasePathResolver.java:54)
	at com.intellij.ide.plugins.PluginXmlPathResolver.resolvePath(PluginXmlPathResolver.java:58)
	at com.intellij.ide.plugins.XmlReader.readDependencies(XmlReader.java:215)
	at com.intellij.ide.plugins.IdeaPluginDescriptorImpl.readExternal(IdeaPluginDescriptorImpl.java:190)
	at com.intellij.ide.plugins.PluginDescriptorLoader.loadDescriptorFromJar(PluginDescriptorLoader.java:94)
	at com.intellij.ide.plugins.PluginDescriptorLoader.loadDescriptorFromDirAndNormalize(PluginDescriptorLoader.java:145)
	at com.intellij.ide.plugins.PluginDescriptorLoader.loadDescriptorFromFileOrDir(PluginDescriptorLoader.java:120)
	at com.intellij.ide.plugins.PluginDescriptorLoader.loadDescriptor(PluginDescriptorLoader.java:44)
	at com.intellij.ide.plugins.PluginDescriptorLoader.lambda$loadDescriptorsFromDir$1(PluginDescriptorLoader.java:246)
	at java.base/java.util.concurrent.FutureTask.run(FutureTask.java:264)
	at com.intellij.util.concurrency.BoundedTaskExecutor.doRun(BoundedTaskExecutor.java:215)
	at com.intellij.util.concurrency.BoundedTaskExecutor.access$200(BoundedTaskExecutor.java:26)
	at com.intellij.util.concurrency.BoundedTaskExecutor$1.execute(BoundedTaskExecutor.java:194)
	at com.intellij.util.concurrency.BoundedTaskExecutor$1.run(BoundedTaskExecutor.java:186)
	at java.base/java.util.concurrent.ThreadPoolExecutor.runWorker(ThreadPoolExecutor.java:1128)
	at java.base/java.util.concurrent.ThreadPoolExecutor$Worker.run(ThreadPoolExecutor.java:628)
	at java.base/java.util.concurrent.Executors$PrivilegedThreadFactory$1$1.run(Executors.java:668)
	at java.base/java.util.concurrent.Executors$PrivilegedThreadFactory$1$1.run(Executors.java:665)
	at java.base/java.security.AccessController.doPrivileged(Native Method)
	at java.base/java.util.concurrent.Executors$PrivilegedThreadFactory$1.run(Executors.java:665)
	at java.base/java.lang.Thread.run(Thread.java:834)
2020-11-23 04:12:44,455 [   5631]   INFO - llij.ide.plugins.PluginManager - Loaded bundled plugins: IDEA CORE (202.7660.26), com.intellij.platform.images (202.7660.26), JetBrains maven model api classes (202.7660.26), JetBrains Repository Search (202.7660.26), Subversion (202.7660.26), XPathView + XSLT (202.7660.26), XSLT Debugger (202.7660.26), Smali Support (202.7660.26), Configuration Script (202.7660.26), Copyright (202.7660.26), Gradle (202.7660.26), Java (202.7660.26), Bytecode Viewer (202.7660.26), JUnit (202.7660.26), Java IDE Customization (202.7660.26), Java Stream Debugger (202.7660.26), Eclipse Interoperability (202.7660.26), Java Bytecode Decompiler (202.7660.26), macOS Light Theme (202.7660.26), Windows 10 Light Theme (202.7660.26), Properties (202.7660.26), Ant (202.7660.26), Java Internationalization (202.7660.26), UI Designer (202.7660.26), JavaFX (202.7660.26), Resource Bundle Editor (202.7660.26), Machine Learning Code Completion (202.7660.26), Task Management (202.7660.26), Mercurial (202.7660.26), Webp Support (202.7660.26), EditorConfig (202.7660.26), Terminal (202.7660.26), Git (202.7660.26), ChangeReminder (202.7660.26), Next File Prediction (202.7660.26), GitHub (202.7660.26), Shell Script (202.7660.26), TextMate Bundles (202.7660.26), YAML (202.7660.26), Settings Repository (202.7660.26), IntelliLang (202.7660.26), TestNG (202.7660.26), Code Coverage for Java (202.7660.26), Groovy (202.7660.26), Maven (202.7660.26), Gradle-Java (202.7660.26), Plugin DevKit (202.7660.26), Gradle-Maven (202.7660.26), Kotlin (1.3.72-release-IJ2020.1-6), Android (10.4.0.202.7660.26), Markdown (202.7660.26), Grazie (202.7660.26) 
2020-11-23 04:12:44,456 [   5632]   INFO - llij.ide.plugins.PluginManager - Loaded custom plugins: Plugin display name here (1.0-SNAPSHOT) 
2020-11-23 04:12:45,468 [   6644]   INFO - m.intellij.ui.mac.touchbar.NST - touchbar-server isn't running, skip nst loading 
2020-11-23 04:12:45,997 [   7173]   INFO - m.intellij.util.io.StorageLock - lower=100; upper=492; buffer=10; max=492 
2020-11-23 04:12:46,050 [   7226]   INFO - tellij.util.io.FileChannelUtil - un-interruptible FileChannel-s will be used for indexes 
2020-11-23 04:12:51,970 [  13146]   INFO - .intellij.util.EnvironmentUtil - shell environment loaded (17 vars) 
2020-11-23 04:13:02,101 [  23277]   INFO - til.net.ssl.CertificateManager - Default SSL context initialized 
2020-11-23 04:13:02,104 [  23280]   INFO - fs.newvfs.persistent.FSRecords - Marking VFS as corrupted: '/Users/protocolblack/IdeaProjects/DisjointSets/build/idea-sandbox/system/caches/names.dat' does not exist 
2020-11-23 04:13:02,158 [  23334]   WARN - j.internal.DebugAttachDetector - Unable to start DebugAttachDetector, please add `--add-exports java.base/jdk.internal.vm=ALL-UNNAMED` to VM options 
2020-11-23 04:13:02,205 [  23381]   INFO - pl.local.NativeFileWatcherImpl - Starting file watcher: /Users/protocolblack/.gradle/caches/modules-2/files-2.1/com.jetbrains.intellij.idea/ideaIC/2020.2.3/8da1f9add5eaff238a403058a25a22be5a339336/ideaIC-2020.2.3/bin/mac/fsnotifier 
2020-11-23 04:13:02,245 [  23421]   INFO - pl.local.NativeFileWatcherImpl - Native file watcher is operational. 
2020-11-23 04:13:02,290 [  23466]   INFO - .history.utils.LocalHistoryLog - local history version mismatch (was: 0, expected: 6), rebuilding... 
2020-11-23 04:13:02,290 [  23466]   INFO - .history.utils.LocalHistoryLog - FS has been rebuild, rebuilding local history... 
2020-11-23 04:13:02,322 [  23498]   INFO - rains.ide.BuiltInServerManager - built-in server started, port 63343 
2020-11-23 04:13:02,322 [  23498]   INFO - com.intellij.ide.ui.UISettings - Loaded: fontSize=13, fontScale=1.0; restored: fontSize=13, fontScale=1.0 
2020-11-23 04:13:02,591 [  23767]   INFO - stubs.SerializationManagerImpl - Name storage is repaired 
2020-11-23 04:13:04,070 [  25246]   INFO - gs.impl.UpdateCheckerComponent - channel: release 
2020-11-23 04:13:04,111 [  25287]   INFO - penapi.application.Experiments - Experimental features enabled for user: wsl.p9.support, wsl.p9.show.roots.in.file.chooser, inline.browse.button, linux.native.menu, recent.and.edited.files.together, show.create.new.element.in.popup, copy.reference.popup, new.large.text.file.viewer, property.value.inplace.editing, terminal.shell.command.handling 
2020-11-23 04:13:04,370 [  25546]   WARN - nSystem.impl.ActionManagerImpl - keymap "Xcode" not found [Plugin: com.intellij] 
2020-11-23 04:13:04,371 [  25547]   INFO - il.indexing.FileBasedIndexImpl - Indexes to be rebuilt after corruption:FilenameIndex(v = 3),FrameworkDetectionIndex(v = 0),TodoIndex(v = 4107),IdIndex(v = 4113),filetypes(v = 3),Stubs(v = 46),Trigram.Index(v = 4099),fileIncludes(v = 6),DomFileIndex(v = -1189920956),RelaxSymbolIndex(v = 0),XmlTagNames(v = 1),XmlNamespaces(v = 8),html5.custom.attributes.index(v = 1),SchemaTypeInheritance(v = 2),json.file.root.values(v = 5),XsltSymbolIndex(v = 0),bytecodeAnalysis(v = 4107),java.auto.module.name(v = 5),java.source.module.name(v = 2),java.null.method.argument(v = 4097),java.fun.expression(v = 4102),java.binary.plus.expression(v = 4100),xmlProperties(v = 2),ant-imports(v = 5),com.intellij.uiDesigner.FormClassIndex(v = 0),JavaFxControllerClassIndex(v = 1),javafx.id.name(v = 3),javafx.custom.component(v = 2),editorconfig.index.name(v = 5),yaml.keys.name(v = 1),groovy.trait.fields(v = 5),groovy.trait.methods(v = 25),IdeaPluginRegistrationIndex(v = 3),PluginIdModuleIndex(v = 1),PluginIdDependenciesIndex(v = 1),devkit.ExtensionPointIndex(v = 0),org.jetbrains.kotlin.idea.versions.KotlinJvmMetadataVersionIndex(v = 5),org.jetbrains.kotlin.idea.versions.KotlinJsMetadataVersionIndex(v = 3),org.jetbrains.kotlin.idea.vfilefinder.KotlinClassFileIndex(v = 3),org.jetbrains.kotlin.idea.vfilefinder.KotlinJavaScriptMetaFileIndex(v = 4),org.jetbrains.kotlin.idea.vfilefinder.KotlinMetadataFileIndex(v = 1),org.jetbrains.kotlin.idea.vfilefinder.KotlinMetadataFilePackageIndex(v = 1),org.jetbrains.kotlin.idea.vfilefinder.KotlinModuleMappingIndex(v = 5),org.jetbrains.kotlin.idea.vfilefinder.KotlinPackageSourcesMemberNamesIndex(v = 2),org.jetbrains.kotlin.idea.vfilefinder.KotlinJvmModuleAnnotationsIndex(v = 1),org.jetbrains.kotlin.ide.konan.index.KotlinNativeMetaFileIndex(v = 4),com.android.tools.idea.model.AndroidManifestIndex$Companion$NAME$1.NAME(v = 4),BindingXmlIndex(v = 7),MlModelFileIndex(v = 1) 
2020-11-23 04:13:04,385 [  25561]   INFO - leBasedIndexDataInitialization - Initialization done: 2155 
2020-11-23 04:13:04,683 [  25859]   INFO - tellij.psi.stubs.StubIndexImpl - Following stub indices will be built:dom.namespaceKey(v = 1),dom.elementClass(v = 0),properties.index(v = 2),gr.class.fqn(v = 1),gr.script.fqn(v = 2),gr.field.name(v = 2),gr.method.name(v = 2),gr.annot.method.name(v = 2),gr.annot.members(v = 2),gr.script.class(v = 2),gr.class.super(v = 2),gr.anonymous.class(v = 3),org.jetbrains.kotlin.idea.stubindex.KotlinExactPackagesIndex(v = 2),org.jetbrains.kotlin.idea.stubindex.KotlinTopLevelClassByPackageIndex(v = 2),org.jetbrains.kotlin.idea.stubindex.KotlinTopLevelFunctionByPackageIndex(v = 2),org.jetbrains.kotlin.idea.stubindex.KotlinTopLevelPropertyByPackageIndex(v = 2),org.jetbrains.kotlin.idea.stubindex.KotlinTopLevelTypeAliasByPackageIndex(v = 2),org.jetbrains.kotlin.idea.stubindex.KotlinClassShortNameIndex(v = 2),org.jetbrains.kotlin.idea.stubindex.KotlinFullClassNameIndex(v = 2),org.jetbrains.kotlin.idea.stubindex.KotlinPropertyShortNameIndex(v = 2),org.jetbrains.kotlin.idea.stubindex.KotlinFunctionShortNameIndex(v = 2),org.jetbrains.kotlin.idea.stubindex.KotlinTypeAliasShortNameIndex(v = 2),org.jetbrains.kotlin.idea.stubindex.KotlinSuperClassIndex(v = 2),org.jetbrains.kotlin.idea.stubindex.KotlinTopLevelFunctionFqnNameIndex(v = 2),org.jetbrains.kotlin.idea.stubindex.KotlinTopLevelPropertyFqnNameIndex(v = 2),org.jetbrains.kotlin.idea.stubindex.KotlinTopLevelTypeAliasFqNameIndex(v = 2),org.jetbrains.kotlin.idea.stubindex.KotlinTopLevelExtensionsByReceiverTypeIndex(v = 2),org.jetbrains.kotlin.idea.stubindex.KotlinAnnotationsIndex(v = 3),org.jetbrains.kotlin.idea.stubindex.KotlinProbablyNothingFunctionShortNameIndex(v = 2),org.jetbrains.kotlin.idea.stubindex.KotlinProbablyNothingPropertyShortNameIndex(v = 2),org.jetbrains.kotlin.idea.stubindex.KotlinProbablyContractedFunctionShortNameIndex(v = 2),org.jetbrains.kotlin.idea.stubindex.KotlinFileFacadeFqNameIndex(v = 2),org.jetbrains.kotlin.idea.stubindex.KotlinFilePartClassIndex(v = 2),org.jetbrains.kotlin.idea.stubindex.KotlinFileFacadeClassByPackageIndex(v = 2),org.jetbrains.kotlin.idea.stubindex.KotlinFileFacadeShortNameIndex(v = 2),org.jetbrains.kotlin.idea.stubindex.KotlinMultifileClassPartIndex(v = 2),org.jetbrains.kotlin.idea.stubindex.KotlinScriptFqnIndex(v = 2),org.jetbrains.kotlin.idea.stubindex.KotlinTypeAliasByExpansionShortNameIndex(v = 2),org.jetbrains.kotlin.idea.stubindex.KotlinOverridableInternalMembersShortNameIndex(v = 2),markdown.header(v = 2),java.annotations(v = 2),java.class.extlist(v = 3),java.field.name(v = 2),java.method.name(v = 2),jvm.static.member.name(v = 2),jvm.static.member.type(v = 2),java.anonymous.baseref(v = 2),java.method.parameter.types(v = 3),java.class.shortname(v = 4),java.class.fqn(v = 1),java.module.name(v = 4) 
2020-11-23 04:13:04,684 [  25860]   INFO - exImpl$StubIndexInitialization - Initialization done: 298 
2020-11-23 04:13:06,533 [  27709]   INFO -   #com.intellij.util.Restarter - not supported: not a bundle: /Users/protocolblack/.gradle/caches/modules-2/files-2.1/com.jetbrains.intellij.idea/ideaIC/2020.2.3/8da1f9add5eaff238a403058a25a22be5a339336/ideaIC-2020.2.3 
2020-11-23 04:13:34,139 [  55315]   INFO - oader.EventLogExternalUploader - Started external process for uploading event log 
2020-11-23 04:13:34,402 [  55578]   INFO - rationStore.ComponentStoreImpl - Saving appDebuggerSettings took 32 ms, FileTypeManager took 24 ms, GraziConfig took 16 ms 
2020-11-23 04:13:34,482 [  55658]   INFO -                         STDOUT - shutdown on Thread[AWT-EventQueue-0,6,Idea Thread Group] 
2020-11-23 04:13:34,520 [  55696]   INFO - org.jetbrains.io.BuiltInServer - web server stopped 
2020-11-23 04:13:34,525 [  55701]   INFO - pl.local.NativeFileWatcherImpl - Watcher terminated with exit code 0 
2020-11-23 04:13:34,526 [  55702]   INFO - .impl.FileTypeDetectionService - 0 auto-detected files. Detection took 0 ms 
2020-11-23 04:13:34,548 [  55724]   INFO - il.indexing.FileBasedIndexImpl - START INDEX SHUTDOWN 
2020-11-23 04:13:34,631 [  55807]   INFO - tellij.psi.stubs.StubIndexImpl - StubIndexExtension-s were unloaded 
2020-11-23 04:13:34,634 [  55810]   INFO - il.indexing.FileBasedIndexImpl - END INDEX SHUTDOWN 
2020-11-23 04:13:34,634 [  55810]   INFO - newvfs.persistent.PersistentFS - VFS dispose started 
2020-11-23 04:13:34,641 [  55817]   INFO - newvfs.persistent.PersistentFS - VFS dispose completed 
2020-11-23 04:13:34,641 [  55817]   INFO - stubs.SerializationManagerImpl - Start shutting down /Users/protocolblack/IdeaProjects/DisjointSets/build/idea-sandbox/system/index/rep.names 
2020-11-23 04:13:34,643 [  55819]   INFO - stubs.SerializationManagerImpl - Finished shutting down /Users/protocolblack/IdeaProjects/DisjointSets/build/idea-sandbox/system/index/rep.names 
2020-11-23 04:13:34,654 [  55830]   INFO - plication.impl.ApplicationImpl - Write action Statistics:
Event number:     0
Total time spent: 0ms
Average duration: 0ms
Median  duration: 0ms
Max     duration: 0ms (it was 'null') 
2020-11-23 04:13:34,655 [  55831]   INFO - plication.impl.ApplicationImpl - AnAction.update() Statistics:
Event number:     0
Total time spent: 0ms
Average duration: 0ms
Median  duration: 0ms
Max     duration: 0ms (it was 'null') 
2020-11-23 04:13:34,656 [  55832]   INFO - plication.impl.ApplicationImpl - Global instance threads created counter = 15; ProcessIOExecutorService threads: 3 
2020-11-23 04:13:34,657 [  55833]   INFO -        #com.intellij.idea.Main - ------------------------------------------------------ IDE SHUTDOWN ------------------------------------------------------ 
2020-11-23 04:13:34,660 [  55836]   INFO - org.jetbrains.io.BuiltInServer - web server stopped 
